{"level":"info","ts":"2025-07-29T22:09:24.460+0500","msg":"gateway listening in localhost:8080"}
{"level":"error","ts":"2025-07-29T22:09:38.382+0500","msg":"request failed","error":"rpc error: code = Aborted desc = not enough stock","method":"/api.CartService/AddItem","trace_id":""}
{"level":"info","ts":"2025-07-29T22:09:38.382+0500","msg":"request succes","method":"/api.CartService/AddItem","trace_id":""}
{"level":"info","ts":"2025-07-29T22:10:10.044+0500","msg":"shutting down server  gracefully..."}
{"level":"info","ts":"2025-07-29T22:10:15.086+0500","msg":"shutdown succes"}
{"level":"info","ts":"2025-07-29T22:12:20.367+0500","msg":"gateway listening in localhost:8080"}
{"level":"error","ts":"2025-07-29T22:12:26.814+0500","msg":"request failed","error":"rpc error: code = Aborted desc = not enough stock","method":"/api.CartService/AddItem","trace_id":""}
{"level":"error","ts":"2025-07-29T22:12:31.696+0500","msg":"request failed","error":"rpc error: code = Aborted desc = not enough stock","method":"/api.CartService/AddItem","trace_id":""}
{"level":"info","ts":"2025-07-29T22:13:01.643+0500","msg":"request succes","method":"/api.CartService/AddItem","trace_id":""}
{"level":"info","ts":"2025-07-29T22:13:12.862+0500","msg":"request succes","method":"/api.CartService/AddItem","trace_id":""}
{"level":"info","ts":"2025-07-29T22:13:21.138+0500","msg":"shutting down server  gracefully..."}
{"level":"info","ts":"2025-07-29T22:13:26.185+0500","msg":"shutdown succes"}
{"level":"info","ts":"2025-07-29T23:19:15.660+0500","msg":"gateway listening in localhost:8080"}
{"level":"info","ts":"2025-07-29T23:19:30.001+0500","msg":"kafka"}
{"level":"info","ts":"2025-07-29T23:19:30.001+0500","msg":"request succes","method":"/api.CartService/AddItem","trace_id":""}
{"level":"info","ts":"2025-07-29T23:19:51.175+0500","msg":"request succes","method":"/api.CartService/ListItem","trace_id":""}
{"level":"error","ts":"2025-07-29T23:19:57.125+0500","msg":"request failed","error":"rpc error: code = NotFound desc = not found","method":"/api.CartService/DeleteItem","trace_id":""}
{"level":"info","ts":"2025-07-29T23:20:06.958+0500","msg":"request succes","method":"/api.CartService/DeleteItem","trace_id":""}
{"level":"error","ts":"2025-07-29T23:20:18.904+0500","msg":"request failed","error":"rpc error: code = NotFound desc = not found","method":"/api.CartService/ClearCart","trace_id":""}
{"level":"info","ts":"2025-07-29T23:20:25.578+0500","msg":"shutting down server  gracefully..."}
{"level":"info","ts":"2025-07-29T23:20:30.599+0500","msg":"shutdown succes"}
{"level":"info","ts":"2025-07-30T22:07:16.109+0500","msg":"gateway listening in localhost:8080"}
{"level":"info","ts":"2025-07-30T22:07:59.369+0500","msg":"kafka"}
{"level":"info","ts":"2025-07-30T22:07:59.369+0500","msg":"request succes","method":"/api.CartService/AddItem","trace_id":""}
{"level":"info","ts":"2025-07-30T22:08:52.077+0500","msg":"kafka"}
{"level":"info","ts":"2025-07-30T22:08:52.077+0500","msg":"request succes","method":"/api.CartService/AddItem","trace_id":""}
{"level":"info","ts":"2025-07-30T22:08:52.767+0500","msg":"kafka"}
{"level":"info","ts":"2025-07-30T22:08:52.767+0500","msg":"request succes","method":"/api.CartService/AddItem","trace_id":""}
{"level":"info","ts":"2025-07-30T22:09:25.403+0500","msg":"kafka"}
{"level":"info","ts":"2025-07-30T22:09:25.403+0500","msg":"request succes","method":"/api.CartService/AddItem","trace_id":""}
{"level":"info","ts":"2025-07-30T22:09:44.498+0500","msg":"shutting down server  gracefully..."}
{"level":"info","ts":"2025-07-30T22:09:49.566+0500","msg":"shutdown succes"}
{"level":"error","ts":"2025-07-30T22:09:49.593+0500","msg":"failed to sync logger: sync /dev/stdout: invalid argument"}
{"level":"info","ts":"2025-07-30T23:49:42.989+0500","msg":"gateway listening in localhost:8080"}
{"level":"info","ts":"2025-07-30T23:53:59.073+0500","msg":"shutting down server  gracefully..."}
{"level":"info","ts":"2025-07-30T23:54:04.125+0500","msg":"shutdown succes"}
{"level":"error","ts":"2025-07-30T23:54:04.131+0500","msg":"failed to sync logger: sync /dev/stdout: invalid argument"}
{"level":"info","ts":"2025-07-30T23:57:05.695+0500","msg":"gateway listening in localhost:8080"}
{"level":"info","ts":"2025-07-31T00:03:37.520+0500","msg":"kafka"}
{"level":"info","ts":"2025-07-31T00:03:37.520+0500","msg":"request succes","method":"/api.CartService/AddItem","trace_id":""}
{"level":"info","ts":"2025-07-31T00:04:08.563+0500","msg":"kafka"}
{"level":"info","ts":"2025-07-31T00:04:08.563+0500","msg":"request succes","method":"/api.CartService/AddItem","trace_id":""}
{"level":"info","ts":"2025-07-31T00:04:10.954+0500","msg":"request succes","method":"/api.CartService/ListItem","trace_id":""}
{"level":"info","ts":"2025-07-31T00:04:13.763+0500","msg":"request succes","method":"/api.CartService/DeleteItem","trace_id":""}
{"level":"error","ts":"2025-07-31T00:06:04.575+0500","msg":"request failed","error":"rpc error: code = NotFound desc = not found","method":"/api.CartService/DeleteItem","trace_id":""}
{"level":"info","ts":"2025-07-31T00:06:07.229+0500","msg":"kafka"}
{"level":"info","ts":"2025-07-31T00:06:07.229+0500","msg":"request succes","method":"/api.CartService/AddItem","trace_id":""}
{"level":"info","ts":"2025-07-31T00:07:30.131+0500","msg":"shutting down server  gracefully..."}
{"level":"info","ts":"2025-07-31T00:07:35.222+0500","msg":"shutdown succes"}
{"level":"error","ts":"2025-07-31T00:07:35.228+0500","msg":"failed to sync logger: sync /dev/stdout: invalid argument"}
{"level":"info","ts":"2025-07-31T00:10:28.068+0500","msg":"gateway listening in localhost:8080"}
{"level":"info","ts":"2025-07-31T00:11:31.950+0500","msg":"kafka"}
{"level":"info","ts":"2025-07-31T00:11:31.950+0500","msg":"request succes","method":"/api.CartService/AddItem","trace_id":""}
{"level":"info","ts":"2025-07-31T00:13:26.589+0500","msg":"kafka"}
{"level":"info","ts":"2025-07-31T00:13:26.589+0500","msg":"request succes","method":"/api.CartService/AddItem","trace_id":""}
{"level":"info","ts":"2025-07-31T00:38:45.418+0500","msg":"shutting down server  gracefully..."}
{"level":"info","ts":"2025-07-31T00:38:50.433+0500","msg":"shutdown succes"}
{"level":"error","ts":"2025-07-31T00:38:50.440+0500","msg":"failed to sync logger: sync /dev/stdout: invalid argument"}
{"level":"info","ts":"2025-07-31T00:40:10.199+0500","msg":"gateway listening in localhost:8080"}
{"level":"info","ts":"2025-07-31T00:50:42.575+0500","msg":"shutting down server  gracefully..."}
{"level":"info","ts":"2025-07-31T00:50:47.601+0500","msg":"shutdown succes"}
{"level":"error","ts":"2025-07-31T00:50:47.608+0500","msg":"failed to sync logger: sync /dev/stdout: invalid argument"}
{"level":"info","ts":"2025-07-31T00:50:50.125+0500","msg":"gateway listening in localhost:8080"}
{"level":"info","ts":"2025-07-31T00:51:33.178+0500","msg":"shutting down server  gracefully..."}
{"level":"info","ts":"2025-07-31T00:51:38.234+0500","msg":"shutdown succes"}
{"level":"error","ts":"2025-07-31T00:51:38.240+0500","msg":"failed to sync logger: sync /dev/stdout: invalid argument"}
{"level":"info","ts":"2025-07-31T00:52:37.312+0500","msg":"gateway listening in localhost:8080"}
{"level":"info","ts":"2025-07-31T00:52:59.261+0500","msg":"shutting down server  gracefully..."}
{"level":"info","ts":"2025-07-31T00:53:04.345+0500","msg":"shutdown succes"}
{"level":"error","ts":"2025-07-31T00:53:04.351+0500","msg":"failed to sync logger: sync /dev/stdout: invalid argument"}
{"level":"info","ts":"2025-07-31T00:53:44.520+0500","msg":"gateway listening in localhost:8080"}
{"level":"info","ts":"2025-07-31T00:56:03.967+0500","msg":"shutting down server  gracefully..."}
{"level":"info","ts":"2025-07-31T00:56:09.061+0500","msg":"shutdown succes"}
{"level":"error","ts":"2025-07-31T00:56:09.088+0500","msg":"failed to sync logger: sync /dev/stdout: invalid argument"}
{"level":"info","ts":"2025-07-31T01:01:22.179+0500","msg":"gateway listening in localhost:8080"}
{"level":"info","ts":"2025-07-31T01:15:05.679+0500","msg":"shutting down server  gracefully..."}
{"level":"info","ts":"2025-07-31T01:15:10.728+0500","msg":"shutdown succes"}
{"level":"error","ts":"2025-07-31T01:15:10.735+0500","msg":"failed to sync logger: sync /dev/stdout: invalid argument"}
{"level":"info","ts":"2025-07-31T01:19:12.448+0500","msg":"gateway listening in localhost:8080"}
{"level":"error","ts":"2025-07-31T01:19:59.037+0500","msg":"request failed","error":"rpc error: code = Unknown desc = rpc error: code = Unavailable desc = connection error: desc = \"transport: Error while dialing: dial tcp 127.0.0.1:8091: connect: connection refused\"","method":"/api.CartService/AddItem","trace_id":""}
{"level":"error","ts":"2025-07-31T01:21:00.834+0500","msg":"request failed","error":"rpc error: code = Unknown desc = rpc error: code = Unavailable desc = connection error: desc = \"transport: Error while dialing: dial tcp 127.0.0.1:8091: connect: connection refused\"","method":"/api.CartService/AddItem","trace_id":""}
{"level":"error","ts":"2025-07-31T01:21:19.212+0500","msg":"request failed","error":"rpc error: code = Unknown desc = rpc error: code = Unavailable desc = connection error: desc = \"transport: Error while dialing: dial tcp 127.0.0.1:8091: connect: connection refused\"","method":"/api.CartService/AddItem","trace_id":""}
{"level":"error","ts":"2025-07-31T01:21:20.824+0500","msg":"request failed","error":"rpc error: code = Unknown desc = rpc error: code = Unavailable desc = connection error: desc = \"transport: Error while dialing: dial tcp 127.0.0.1:8091: connect: connection refused\"","method":"/api.CartService/AddItem","trace_id":""}
{"level":"error","ts":"2025-07-31T01:21:21.534+0500","msg":"request failed","error":"rpc error: code = Unknown desc = rpc error: code = Unavailable desc = connection error: desc = \"transport: Error while dialing: dial tcp 127.0.0.1:8091: connect: connection refused\"","method":"/api.CartService/AddItem","trace_id":""}
{"level":"error","ts":"2025-07-31T01:21:22.110+0500","msg":"request failed","error":"rpc error: code = Unknown desc = rpc error: code = Unavailable desc = connection error: desc = \"transport: Error while dialing: dial tcp 127.0.0.1:8091: connect: connection refused\"","method":"/api.CartService/AddItem","trace_id":""}
{"level":"error","ts":"2025-07-31T01:21:24.329+0500","msg":"request failed","error":"rpc error: code = Unknown desc = rpc error: code = Unavailable desc = connection error: desc = \"transport: Error while dialing: dial tcp 127.0.0.1:8091: connect: connection refused\"","method":"/api.CartService/ListItem","trace_id":""}
{"level":"error","ts":"2025-07-31T01:21:29.150+0500","msg":"request failed","error":"rpc error: code = Unknown desc = rpc error: code = Unavailable desc = connection error: desc = \"transport: Error while dialing: dial tcp 127.0.0.1:8091: connect: connection refused\"","method":"/api.CartService/AddItem","trace_id":""}
{"level":"info","ts":"2025-07-31T01:21:34.574+0500","msg":"shutting down server  gracefully..."}
{"level":"info","ts":"2025-07-31T01:21:39.600+0500","msg":"shutdown succes"}
{"level":"error","ts":"2025-07-31T01:21:39.610+0500","msg":"failed to sync logger: sync /dev/stdout: invalid argument"}
{"level":"info","ts":"2025-07-31T01:21:48.774+0500","msg":"gateway listening in localhost:8080"}
{"level":"info","ts":"2025-07-31T01:21:53.320+0500","msg":"kafka"}
{"level":"info","ts":"2025-07-31T01:21:53.320+0500","msg":"request succes","method":"/api.CartService/AddItem","trace_id":""}
{"level":"info","ts":"2025-07-31T01:21:56.711+0500","msg":"request succes","method":"/api.CartService/ListItem","trace_id":""}
{"level":"error","ts":"2025-07-31T01:22:10.315+0500","msg":"request failed","error":"rpc error: code = Unknown desc = rpc error: code = Unavailable desc = connection error: desc = \"transport: Error while dialing: dial tcp 127.0.0.1:8091: connect: connection refused\"","method":"/api.CartService/ListItem","trace_id":""}
{"level":"info","ts":"2025-07-31T01:22:16.287+0500","msg":"request succes","method":"/api.CartService/ListItem","trace_id":""}
{"level":"info","ts":"2025-07-31T01:22:19.618+0500","msg":"shutting down server  gracefully..."}
{"level":"info","ts":"2025-07-31T01:22:24.638+0500","msg":"shutdown succes"}
{"level":"error","ts":"2025-07-31T01:22:24.643+0500","msg":"failed to sync logger: sync /dev/stdout: invalid argument"}
{"level":"info","ts":"2025-07-31T01:26:29.729+0500","msg":"gateway listening in localhost:8080"}
{"level":"info","ts":"2025-07-31T01:28:16.512+0500","msg":"shutting down server  gracefully..."}
{"level":"info","ts":"2025-07-31T01:28:21.579+0500","msg":"shutdown succes"}
{"level":"error","ts":"2025-07-31T01:28:21.585+0500","msg":"failed to sync logger: sync /dev/stdout: invalid argument"}
{"level":"info","ts":"2025-07-31T01:28:22.713+0500","msg":"gateway listening in localhost:8080"}
{"level":"info","ts":"2025-07-31T01:29:46.813+0500","msg":"request succes","method":"/api.CartService/ListItem","trace_id":""}
{"level":"info","ts":"2025-07-31T01:29:49.913+0500","msg":"kafka"}
{"level":"info","ts":"2025-07-31T01:29:49.913+0500","msg":"request succes","method":"/api.CartService/AddItem","trace_id":""}
{"level":"info","ts":"2025-07-31T01:29:52.620+0500","msg":"request succes","method":"/api.CartService/DeleteItem","trace_id":""}
{"level":"info","ts":"2025-07-31T01:31:22.491+0500","msg":"shutting down server  gracefully..."}
{"level":"info","ts":"2025-07-31T01:31:27.526+0500","msg":"shutdown succes"}
{"level":"error","ts":"2025-07-31T01:31:27.529+0500","msg":"failed to sync logger: sync /dev/stdout: invalid argument"}
{"level":"info","ts":"2025-07-31T01:31:30.733+0500","msg":"gateway listening in localhost:8080"}
{"level":"error","ts":"2025-07-31T01:43:48.965+0500","msg":"request failed","error":"rpc error: code = NotFound desc = not found","method":"/api.CartService/DeleteItem","trace_id":""}
{"level":"info","ts":"2025-07-31T01:46:48.890+0500","msg":"shutting down server  gracefully..."}
{"level":"info","ts":"2025-07-31T01:46:53.928+0500","msg":"shutdown succes"}
{"level":"error","ts":"2025-07-31T01:46:53.934+0500","msg":"failed to sync logger: sync /dev/stdout: invalid argument"}
{"level":"info","ts":"2025-07-31T01:46:58.943+0500","msg":"gateway listening in localhost:8080"}
{"level":"error","ts":"2025-07-31T01:49:35.815+0500","msg":"request failed","error":"rpc error: code = NotFound desc = not found","method":"/api.CartService/DeleteItem","trace_id":""}
{"level":"info","ts":"2025-07-31T01:53:58.925+0500","msg":"request succes","method":"/api.CartService/ListItem","trace_id":""}
{"level":"info","ts":"2025-07-31T01:57:25.099+0500","msg":"shutting down server  gracefully..."}
{"level":"info","ts":"2025-07-31T01:57:30.147+0500","msg":"shutdown succes"}
{"level":"error","ts":"2025-07-31T01:57:30.174+0500","msg":"failed to sync logger: sync /dev/stdout: invalid argument"}
{"level":"info","ts":"2025-07-31T01:57:37.304+0500","msg":"gateway listening in localhost:8080"}
{"level":"info","ts":"2025-07-31T01:57:52.340+0500","msg":"request succes","method":"/api.CartService/ListItem","trace_id":""}
{"level":"info","ts":"2025-07-31T01:59:51.296+0500","msg":"kafka"}
{"level":"info","ts":"2025-07-31T01:59:51.296+0500","msg":"request succes","method":"/api.CartService/AddItem","trace_id":""}
{"level":"info","ts":"2025-07-31T01:59:51.880+0500","msg":"kafka"}
{"level":"info","ts":"2025-07-31T01:59:51.880+0500","msg":"request succes","method":"/api.CartService/AddItem","trace_id":""}
{"level":"info","ts":"2025-07-31T01:59:54.296+0500","msg":"request succes","method":"/api.CartService/DeleteItem","trace_id":""}
{"level":"error","ts":"2025-07-31T01:59:56.839+0500","msg":"request failed","error":"rpc error: code = NotFound desc = not found","method":"/api.CartService/ClearCart","trace_id":""}
{"level":"info","ts":"2025-07-31T01:59:59.082+0500","msg":"kafka"}
{"level":"info","ts":"2025-07-31T01:59:59.082+0500","msg":"request succes","method":"/api.CartService/AddItem","trace_id":""}
{"level":"info","ts":"2025-07-31T02:00:24.077+0500","msg":"request succes","method":"/api.CartService/ListItem","trace_id":""}
{"level":"info","ts":"2025-07-31T02:00:30.311+0500","msg":"kafka"}
{"level":"error","ts":"2025-07-31T02:00:30.311+0500","msg":"request failed","error":"rpc error: code = Aborted desc = not enough stock","method":"/api.CartService/AddItem","trace_id":""}
{"level":"info","ts":"2025-07-31T02:00:40.354+0500","msg":"request succes","method":"/api.CartService/ClearCart","trace_id":""}
{"level":"error","ts":"2025-07-31T02:00:42.559+0500","msg":"request failed","error":"rpc error: code = NotFound desc = not found","method":"/api.CartService/DeleteItem","trace_id":""}
{"level":"error","ts":"2025-07-31T02:00:43.161+0500","msg":"request failed","error":"rpc error: code = NotFound desc = not found","method":"/api.CartService/DeleteItem","trace_id":""}
{"level":"info","ts":"2025-07-31T02:00:55.012+0500","msg":"kafka"}
{"level":"error","ts":"2025-07-31T02:00:55.012+0500","msg":"request failed","error":"rpc error: code = Aborted desc = not enough stock","method":"/api.CartService/AddItem","trace_id":""}
{"level":"info","ts":"2025-07-31T02:03:51.407+0500","msg":"shutting down server  gracefully..."}
{"level":"info","ts":"2025-07-31T02:03:56.469+0500","msg":"shutdown succes"}
{"level":"error","ts":"2025-07-31T02:03:56.471+0500","msg":"failed to sync logger: sync /dev/stdout: invalid argument"}
{"level":"info","ts":"2025-07-31T02:53:47.521+0500","msg":"gateway listening in localhost:8080"}
{"level":"info","ts":"2025-07-31T02:57:44.669+0500","msg":"kafka"}
{"level":"error","ts":"2025-07-31T02:57:44.669+0500","msg":"request failed","error":"rpc error: code = Aborted desc = not enough stock","method":"/api.CartService/AddItem","trace_id":""}
{"level":"info","ts":"2025-07-31T02:57:49.666+0500","msg":"kafka"}
{"level":"info","ts":"2025-07-31T02:57:49.666+0500","msg":"request succes","method":"/api.CartService/AddItem","trace_id":""}
{"level":"info","ts":"2025-07-31T02:58:32.073+0500","msg":"kafka"}
{"level":"info","ts":"2025-07-31T02:58:32.073+0500","msg":"request succes","method":"/api.CartService/AddItem","trace_id":""}
{"level":"info","ts":"2025-07-31T03:02:46.268+0500","msg":"shutting down server  gracefully..."}
{"level":"error","ts":"2025-07-31T03:02:51.323+0500","msg":"failed to shutdown tracer: context canceled"}
{"level":"info","ts":"2025-07-31T03:02:51.324+0500","msg":"shutdown succes"}
{"level":"error","ts":"2025-07-31T03:02:51.329+0500","msg":"failed to sync logger: sync /dev/stdout: invalid argument"}
{"level":"info","ts":"2025-07-31T03:05:05.861+0500","msg":"gateway listening in localhost:8080"}
{"level":"info","ts":"2025-07-31T03:05:08.566+0500","msg":"shutting down server  gracefully..."}
{"level":"info","ts":"2025-07-31T03:05:13.651+0500","msg":"shutdown succes"}
{"level":"error","ts":"2025-07-31T03:05:13.657+0500","msg":"failed to sync logger: sync /dev/stdout: invalid argument"}
{"level":"info","ts":"2025-07-31T03:05:16.488+0500","msg":"gateway listening in localhost:8080"}
{"level":"info","ts":"2025-07-31T03:05:59.149+0500","msg":"kafka"}
{"level":"info","ts":"2025-07-31T03:05:59.150+0500","msg":"request succes","method":"/api.CartService/AddItem","trace_id":""}
{"level":"info","ts":"2025-07-31T03:10:05.696+0500","msg":"shutting down server  gracefully..."}
{"level":"info","ts":"2025-07-31T03:10:10.699+0500","msg":"shutdown succes"}
{"level":"error","ts":"2025-07-31T03:10:10.727+0500","msg":"failed to sync logger: sync /dev/stdout: invalid argument"}
{"level":"info","ts":"2025-07-31T03:10:14.092+0500","msg":"gateway listening in localhost:8080"}
{"level":"info","ts":"2025-07-31T03:10:19.007+0500","msg":"kafka"}
{"level":"info","ts":"2025-07-31T03:10:19.007+0500","msg":"request succes","method":"/api.CartService/AddItem","trace_id":""}
{"level":"info","ts":"2025-07-31T03:10:20.063+0500","msg":"kafka"}
{"level":"info","ts":"2025-07-31T03:10:20.063+0500","msg":"request succes","method":"/api.CartService/AddItem","trace_id":""}
{"level":"info","ts":"2025-07-31T03:13:04.331+0500","msg":"shutting down server  gracefully..."}
{"level":"info","ts":"2025-07-31T03:13:09.403+0500","msg":"shutdown succes"}
{"level":"error","ts":"2025-07-31T03:13:09.409+0500","msg":"failed to sync logger: sync /dev/stdout: invalid argument"}
{"level":"info","ts":"2025-07-31T03:13:14.722+0500","msg":"gateway listening in localhost:8080"}
{"level":"info","ts":"2025-07-31T03:14:46.663+0500","msg":"kafka"}
{"level":"info","ts":"2025-07-31T03:14:46.664+0500","msg":"request succes","method":"/api.CartService/AddItem","trace_id":""}
{"level":"info","ts":"2025-07-31T03:17:25.093+0500","msg":"request succes","method":"/api.CartService/DeleteItem","trace_id":""}
{"level":"info","ts":"2025-07-31T03:17:29.076+0500","msg":"request succes","method":"/api.CartService/ListItem","trace_id":""}
{"level":"error","ts":"2025-07-31T03:17:32.569+0500","msg":"request failed","error":"rpc error: code = NotFound desc = not found","method":"/api.CartService/ClearCart","trace_id":""}
{"level":"info","ts":"2025-07-31T03:21:44.478+0500","msg":"shutting down server  gracefully..."}
{"level":"info","ts":"2025-07-31T03:21:49.545+0500","msg":"shutdown succes"}
{"level":"error","ts":"2025-07-31T03:21:49.550+0500","msg":"failed to sync logger: sync /dev/stdout: invalid argument"}
{"level":"info","ts":"2025-07-31T03:35:07.786+0500","msg":"gateway listening in localhost:8080"}
{"level":"error","ts":"2025-07-31T03:36:22.081+0500","msg":"request failed","error":"rpc error: code = NotFound desc = not found","method":"/api.CartService/ClearCart","trace_id":""}
{"level":"info","ts":"2025-07-31T03:36:48.845+0500","msg":"kafka"}
{"level":"info","ts":"2025-07-31T03:36:48.845+0500","msg":"request succes","method":"/api.CartService/AddItem","trace_id":""}
{"level":"info","ts":"2025-07-31T03:38:11.580+0500","msg":"request succes","method":"/api.CartService/ListItem","trace_id":""}
{"level":"info","ts":"2025-07-31T03:38:38.482+0500","msg":"request succes","method":"/api.CartService/DeleteItem","trace_id":""}
{"level":"error","ts":"2025-07-31T03:38:41.344+0500","msg":"request failed","error":"rpc error: code = NotFound desc = not found","method":"/api.CartService/ClearCart","trace_id":""}
{"level":"error","ts":"2025-07-31T03:38:57.731+0500","msg":"request failed","error":"rpc error: code = NotFound desc = not found","method":"/api.CartService/ClearCart","trace_id":""}
{"level":"error","ts":"2025-07-31T03:39:06.268+0500","msg":"request failed","error":"rpc error: code = NotFound desc = not found","method":"/api.CartService/ClearCart","trace_id":""}
{"level":"info","ts":"2025-07-31T03:39:41.726+0500","msg":"kafka"}
{"level":"info","ts":"2025-07-31T03:39:41.726+0500","msg":"request succes","method":"/api.CartService/AddItem","trace_id":""}
{"level":"info","ts":"2025-07-31T03:40:14.219+0500","msg":"shutting down server  gracefully..."}
{"level":"error","ts":"2025-07-31T03:40:19.313+0500","msg":"failed to shutdown tracer: context canceled"}
{"level":"info","ts":"2025-07-31T03:40:19.314+0500","msg":"shutdown succes"}
{"level":"error","ts":"2025-07-31T03:40:19.319+0500","msg":"failed to sync logger: sync /dev/stdout: invalid argument"}
{"level":"info","ts":"2025-07-31T03:41:14.367+0500","msg":"gateway listening in localhost:8080"}
{"level":"info","ts":"2025-07-31T03:41:39.999+0500","msg":"shutting down server  gracefully..."}
{"level":"error","ts":"2025-07-31T03:41:45.003+0500","msg":"failed to shutdown tracer: context canceled"}
{"level":"info","ts":"2025-07-31T03:41:45.003+0500","msg":"shutdown succes"}
{"level":"error","ts":"2025-07-31T03:41:45.030+0500","msg":"failed to sync logger: sync /dev/stdout: invalid argument"}
{"level":"info","ts":"2025-07-31T03:46:48.153+0500","msg":"gateway listening in localhost:8080"}
{"level":"info","ts":"2025-07-31T03:47:13.881+0500","msg":"kafka"}
{"level":"info","ts":"2025-07-31T03:47:13.881+0500","msg":"request succes","method":"/api.CartService/AddItem","trace_id":""}
{"level":"info","ts":"2025-07-31T03:47:38.790+0500","msg":"request succes","method":"/api.CartService/DeleteItem","trace_id":""}
{"level":"error","ts":"2025-07-31T03:47:43.659+0500","msg":"request failed","error":"rpc error: code = NotFound desc = not found","method":"/api.CartService/ClearCart","trace_id":""}
{"level":"error","ts":"2025-07-31T03:47:44.395+0500","msg":"request failed","error":"rpc error: code = NotFound desc = not found","method":"/api.CartService/ClearCart","trace_id":""}
{"level":"info","ts":"2025-07-31T03:48:48.191+0500","msg":"shutting down server  gracefully..."}
{"level":"error","ts":"2025-07-31T03:48:53.260+0500","msg":"failed to shutdown tracer: context canceled"}
{"level":"info","ts":"2025-07-31T03:48:53.260+0500","msg":"shutdown succes"}
{"level":"error","ts":"2025-07-31T03:48:53.266+0500","msg":"failed to sync logger: sync /dev/stdout: invalid argument"}
{"level":"info","ts":"2025-07-31T03:49:24.469+0500","msg":"gateway listening in localhost:8080"}
{"level":"info","ts":"2025-07-31T03:50:14.326+0500","msg":"shutting down server  gracefully..."}
{"level":"error","ts":"2025-07-31T03:50:19.396+0500","msg":"failed to shutdown tracer: context canceled"}
{"level":"info","ts":"2025-07-31T03:50:19.397+0500","msg":"shutdown succes"}
{"level":"error","ts":"2025-07-31T03:50:19.403+0500","msg":"failed to sync logger: sync /dev/stdout: invalid argument"}
{"level":"info","ts":"2025-07-31T03:50:20.231+0500","msg":"gateway listening in localhost:8080"}
{"level":"info","ts":"2025-07-31T03:53:05.864+0500","msg":"shutting down server  gracefully..."}
{"level":"error","ts":"2025-07-31T03:53:10.875+0500","msg":"failed to shutdown tracer: context canceled"}
{"level":"info","ts":"2025-07-31T03:53:10.875+0500","msg":"shutdown succes"}
{"level":"error","ts":"2025-07-31T03:53:10.882+0500","msg":"failed to sync logger: sync /dev/stdout: invalid argument"}
{"level":"info","ts":"2025-07-31T03:53:11.926+0500","msg":"gateway listening in localhost:8080"}
{"level":"info","ts":"2025-07-31T03:56:51.609+0500","msg":"shutting down server  gracefully..."}
{"level":"error","ts":"2025-07-31T03:56:56.664+0500","msg":"failed to shutdown tracer: context canceled"}
{"level":"info","ts":"2025-07-31T03:56:56.664+0500","msg":"shutdown succes"}
{"level":"error","ts":"2025-07-31T03:56:56.692+0500","msg":"failed to sync logger: sync /dev/stdout: invalid argument"}
{"level":"info","ts":"2025-07-31T03:56:59.986+0500","msg":"gateway listening in localhost:8080"}
{"level":"info","ts":"2025-07-31T04:01:23.348+0500","msg":"shutting down server  gracefully..."}
{"level":"error","ts":"2025-07-31T04:01:28.440+0500","msg":"failed to shutdown tracer: context canceled"}
{"level":"info","ts":"2025-07-31T04:01:28.440+0500","msg":"shutdown succes"}
{"level":"error","ts":"2025-07-31T04:01:28.468+0500","msg":"failed to sync logger: sync /dev/stdout: invalid argument"}
{"level":"info","ts":"2025-07-31T04:04:36.029+0500","msg":"gateway listening in localhost:8080"}
{"level":"info","ts":"2025-07-31T04:08:36.364+0500","msg":"shutting down server  gracefully..."}
{"level":"info","ts":"2025-07-31T04:08:41.405+0500","msg":"shutdown succes"}
{"level":"error","ts":"2025-07-31T04:08:41.411+0500","msg":"failed to sync logger: sync /dev/stdout: invalid argument"}
{"level":"info","ts":"2025-07-31T04:08:45.838+0500","msg":"gateway listening in localhost:8080"}
{"level":"info","ts":"2025-07-31T04:09:47.367+0500","msg":"shutting down server  gracefully..."}
{"level":"info","ts":"2025-07-31T04:09:52.432+0500","msg":"shutdown succes"}
{"level":"error","ts":"2025-07-31T04:09:52.438+0500","msg":"failed to sync logger: sync /dev/stdout: invalid argument"}
{"level":"info","ts":"2025-07-31T04:11:42.483+0500","msg":"gateway listening in localhost:8080"}
{"level":"info","ts":"2025-07-31T04:21:07.129+0500","msg":"shutting down server  gracefully..."}
{"level":"info","ts":"2025-07-31T04:21:12.207+0500","msg":"shutdown succes"}
{"level":"error","ts":"2025-07-31T04:21:12.213+0500","msg":"failed to sync logger: sync /dev/stdout: invalid argument"}
{"level":"fatal","ts":"2025-07-31T12:06:47.766+0500","msg":"error: error connecting to database: dial tcp 127.0.0.1:5432: connect: connection refused"}
{"level":"info","ts":"2025-07-31T12:07:05.016+0500","msg":"gateway listening in localhost:8080"}
{"level":"info","ts":"2025-07-31T12:08:00.955+0500","msg":"kafka"}
{"level":"info","ts":"2025-07-31T12:08:00.955+0500","msg":"request succes","method":"/api.CartService/AddItem","trace_id":""}
{"level":"info","ts":"2025-07-31T12:09:52.107+0500","msg":"shutting down server  gracefully..."}
{"level":"info","ts":"2025-07-31T12:09:57.111+0500","msg":"shutdown succes"}
{"level":"error","ts":"2025-07-31T12:09:57.117+0500","msg":"failed to sync logger: sync /dev/stdout: invalid argument"}
{"level":"info","ts":"2025-07-31T12:10:02.272+0500","msg":"gateway listening in localhost:8080"}
{"level":"info","ts":"2025-07-31T12:10:06.287+0500","msg":"kafka"}
{"level":"info","ts":"2025-07-31T12:10:06.287+0500","msg":"request succes","method":"/api.CartService/AddItem","trace_id":"1fb5f59bf25e38093319fa192b848862"}
{"level":"info","ts":"2025-07-31T12:10:11.915+0500","msg":"shutting down server  gracefully..."}
{"level":"info","ts":"2025-07-31T12:10:16.987+0500","msg":"shutdown succes"}
{"level":"error","ts":"2025-07-31T12:10:16.993+0500","msg":"failed to sync logger: sync /dev/stdout: invalid argument"}
{"level":"fatal","ts":"2025-07-31T12:10:54.257+0500","msg":"error: error loading .env file: open .env.localD: no such file or directory"}
{"level":"info","ts":"2025-07-31T12:10:56.732+0500","msg":"gateway listening in localhost:8080"}
{"level":"info","ts":"2025-07-31T12:11:01.088+0500","msg":"kafka"}
{"level":"info","ts":"2025-07-31T12:11:01.088+0500","msg":"request succes","method":"/api.CartService/AddItem","trace_id":"00eea5e94505f389c639df2412bcd75c"}
{"level":"info","ts":"2025-07-31T12:17:47.239+0500","msg":"shutting down server  gracefully..."}
{"level":"info","ts":"2025-07-31T12:17:52.284+0500","msg":"shutdown succes"}
{"level":"error","ts":"2025-07-31T12:17:52.313+0500","msg":"failed to sync logger: sync /dev/stdout: invalid argument"}
{"level":"info","ts":"2025-07-31T12:17:54.463+0500","msg":"gateway listening in localhost:8080"}
{"level":"info","ts":"2025-07-31T12:21:03.682+0500","msg":"shutting down server  gracefully..."}
{"level":"info","ts":"2025-07-31T12:21:08.701+0500","msg":"shutdown succes"}
{"level":"error","ts":"2025-07-31T12:21:08.706+0500","msg":"failed to sync logger: sync /dev/stdout: invalid argument"}
{"level":"info","ts":"2025-07-31T12:31:54.554+0500","msg":"gateway listening in localhost:8080"}
{"level":"info","ts":"2025-07-31T12:39:37.977+0500","msg":"shutting down server  gracefully..."}
{"level":"info","ts":"2025-07-31T12:39:43.062+0500","msg":"shutdown succes"}
{"level":"error","ts":"2025-07-31T12:39:43.068+0500","msg":"failed to sync logger: sync /dev/stdout: invalid argument"}
{"level":"info","ts":"2025-07-31T12:44:13.005+0500","msg":"gateway listening in localhost:8080"}
{"level":"info","ts":"2025-07-31T13:14:26.880+0500","msg":"shutting down server  gracefully..."}
{"level":"info","ts":"2025-07-31T13:14:31.929+0500","msg":"shutdown succes"}
{"level":"error","ts":"2025-07-31T13:14:31.956+0500","msg":"failed to sync logger: sync /dev/stdout: invalid argument"}
{"level":"info","ts":"2025-07-31T13:14:53.701+0500","msg":"gateway listening in localhost:8080"}
{"level":"info","ts":"2025-07-31T13:16:08.977+0500","msg":"shutting down server  gracefully..."}
{"level":"info","ts":"2025-07-31T13:16:14.024+0500","msg":"shutdown succes"}
{"level":"error","ts":"2025-07-31T13:16:14.026+0500","msg":"failed to sync logger: sync /dev/stdout: invalid argument"}
{"level":"info","ts":"2025-07-31T13:16:16.056+0500","msg":"gateway listening in localhost:8080"}
{"level":"info","ts":"2025-07-31T13:16:34.899+0500","msg":"kafka"}
{"level":"info","ts":"2025-07-31T13:16:34.899+0500","msg":"request succes","method":"/api.CartService/AddItem","trace_id":"e989b67fa2189f6a0c6cdc707828c547"}
{"level":"info","ts":"2025-07-31T13:16:37.859+0500","msg":"request succes","method":"/api.CartService/ListItem","trace_id":"809803fb5be553a8aa979476c6a69440"}
{"level":"info","ts":"2025-07-31T13:16:40.141+0500","msg":"request succes","method":"/api.CartService/DeleteItem","trace_id":"0ffc8f2fe54049b5a6e454ed74634397"}
{"level":"info","ts":"2025-07-31T13:16:42.412+0500","msg":"request succes","method":"/api.CartService/ListItem","trace_id":"010e564b24e53e1a98ff7f6600f277c1"}
{"level":"info","ts":"2025-07-31T13:23:34.846+0500","msg":"shutting down server  gracefully..."}
{"level":"info","ts":"2025-07-31T13:23:39.900+0500","msg":"shutdown succes"}
{"level":"error","ts":"2025-07-31T13:23:39.907+0500","msg":"failed to sync logger: sync /dev/stdout: invalid argument"}
{"level":"info","ts":"2025-07-31T13:23:41.543+0500","msg":"gateway listening in localhost:8080"}
{"level":"info","ts":"2025-07-31T13:23:53.008+0500","msg":"kafka"}
{"level":"info","ts":"2025-07-31T13:23:53.008+0500","msg":"request succes","method":"/api.CartService/AddItem","trace_id":"51bfa5e37c1ae77854d58f63f5d59354"}
{"level":"info","ts":"2025-07-31T13:30:49.007+0500","msg":"shutting down server  gracefully..."}
{"level":"info","ts":"2025-07-31T13:30:54.064+0500","msg":"shutdown succes"}
{"level":"error","ts":"2025-07-31T13:30:54.091+0500","msg":"failed to sync logger: sync /dev/stdout: invalid argument"}
{"level":"fatal","ts":"2025-07-31T13:41:56.590+0500","msg":"error: error loading .env file: open .env.localD: no such file or directory"}
{"level":"info","ts":"2025-07-31T13:42:02.203+0500","msg":"gateway listening in localhost:8080"}
{"level":"info","ts":"2025-07-31T13:42:21.284+0500","msg":"kafka"}
{"level":"info","ts":"2025-07-31T13:42:21.284+0500","msg":"request succes","method":"/api.CartService/AddItem","trace_id":"0f0e79fc2ae3bb9a397ca7a8e40dc205"}
{"level":"info","ts":"2025-07-31T13:42:40.589+0500","msg":"request succes","method":"/api.CartService/ClearCart","trace_id":"e00d170f67a524ec389b1c33fbc4c291"}
{"level":"error","ts":"2025-07-31T13:42:43.194+0500","msg":"request failed","error":"rpc error: code = NotFound desc = not found","method":"/api.CartService/DeleteItem","trace_id":"715fdfcbe70f9bc2bff65d405c78a7bc"}
{"level":"info","ts":"2025-07-31T13:43:09.087+0500","msg":"kafka"}
{"level":"info","ts":"2025-07-31T13:43:09.087+0500","msg":"request succes","method":"/api.CartService/AddItem","trace_id":"8f77f09a15b6e3a84eb85d3903f7c7b0"}
{"level":"info","ts":"2025-07-31T13:43:24.133+0500","msg":"shutting down server  gracefully..."}
{"level":"info","ts":"2025-07-31T13:43:29.147+0500","msg":"shutdown succes"}
{"level":"error","ts":"2025-07-31T13:43:29.153+0500","msg":"failed to sync logger: sync /dev/stdout: invalid argument"}
{"level":"info","ts":"2025-07-31T16:14:42.925+0500","msg":"kafka"}
{"level":"info","ts":"2025-07-31T16:14:42.927+0500","msg":"kafka"}
{"level":"error","ts":"2025-07-31T16:14:42.928+0500","msg":"failed to sync logger: sync /dev/stdout: invalid argument"}
{"level":"info","ts":"2025-07-31T16:15:22.359+0500","msg":"kafka"}
{"level":"info","ts":"2025-07-31T16:15:22.360+0500","msg":"kafka"}
{"level":"error","ts":"2025-07-31T16:15:22.361+0500","msg":"failed to sync logger: sync /dev/stdout: invalid argument"}
{"level":"info","ts":"2025-07-31T16:15:32.443+0500","msg":"kafka"}
{"level":"error","ts":"2025-07-31T16:15:32.446+0500","msg":"failed to sync logger: sync /dev/stdout: invalid argument"}
{"level":"info","ts":"2025-07-31T16:15:42.535+0500","msg":"kafka"}
{"level":"error","ts":"2025-07-31T16:15:42.538+0500","msg":"failed to sync logger: sync /dev/stdout: invalid argument"}
{"level":"info","ts":"2025-07-31T16:15:52.617+0500","msg":"kafka"}
{"level":"error","ts":"2025-07-31T16:15:52.621+0500","msg":"failed to sync logger: sync /dev/stdout: invalid argument"}
{"level":"info","ts":"2025-07-31T16:16:45.722+0500","msg":"gateway listening in localhost:8080"}
{"level":"info","ts":"2025-07-31T16:16:47.512+0500","msg":"shutting down server  gracefully..."}
{"level":"info","ts":"2025-07-31T16:16:52.519+0500","msg":"shutdown succes"}
{"level":"error","ts":"2025-07-31T16:16:52.528+0500","msg":"failed to sync logger: sync /dev/stdout: invalid argument"}
{"level":"info","ts":"2025-07-31T16:45:19.225+0500","msg":"gateway listening in localhost:8080"}
{"level":"info","ts":"2025-07-31T16:45:22.605+0500","msg":"shutting down server  gracefully..."}
{"level":"info","ts":"2025-07-31T16:45:27.625+0500","msg":"shutdown succes"}
{"level":"error","ts":"2025-07-31T16:45:27.631+0500","msg":"failed to sync logger: sync /dev/stdout: invalid argument"}
{"level":"info","ts":"2025-07-31T18:12:55.090+0500","msg":"gateway listening in localhost:8080"}
{"level":"info","ts":"2025-07-31T18:13:41.895+0500","msg":"kafka"}
{"level":"info","ts":"2025-07-31T18:13:41.895+0500","msg":"request success","method":"/api.CartService/AddItem","trace_id":"886279c0c902f34133b0c4d7a080157e"}
{"level":"info","ts":"2025-07-31T18:15:58.576+0500","msg":"request success","method":"/api.CartService/ListItem","trace_id":"de93f248912a7dd74f59e5d4c273beec"}
{"level":"warn","ts":"2025-07-31T18:23:02.118+0500","msg":"Warning: user requested 10 of SKU 1001, but only 0 in stock. Adjusting."}
{"level":"info","ts":"2025-07-31T18:23:02.118+0500","msg":"request success","method":"/api.CartService/ListItem","trace_id":"2b0c18f10d59b284ac3bc2306c9982e3"}
{"level":"info","ts":"2025-07-31T18:23:20.363+0500","msg":"request success","method":"/api.CartService/DeleteItem","trace_id":"b0a45240464e7995d15a81e7d71aa359"}
{"level":"info","ts":"2025-07-31T18:23:36.414+0500","msg":"shutting down server  gracefully..."}
{"level":"info","ts":"2025-07-31T18:23:41.465+0500","msg":"shutdown succes"}
{"level":"error","ts":"2025-07-31T18:23:41.471+0500","msg":"failed to sync logger: sync /dev/stdout: invalid argument"}
{"level":"info","ts":"2025-07-31T22:15:52.405+0500","msg":"gateway listening in localhost:8080"}
{"level":"info","ts":"2025-07-31T22:16:37.379+0500","msg":"shutting down server  gracefully..."}
{"level":"info","ts":"2025-07-31T22:16:42.428+0500","msg":"shutdown succes"}
{"level":"error","ts":"2025-07-31T22:16:42.434+0500","msg":"failed to sync logger: sync /dev/stdout: invalid argument"}
{"level":"info","ts":"2025-07-31T22:17:08.414+0500","msg":"gateway listening in localhost:8080"}
{"level":"warn","ts":"2025-07-31T22:17:27.516+0500","msg":"kafka%!(EXTRA log.Field=)"}
{"level":"error","ts":"2025-07-31T22:17:27.516+0500","msg":"request failed","error":"rpc error: code = Aborted desc = not enough stock","method":"/api.CartService/AddItem","trace_id":"5906385af20b442ab5bc45d0012a78a6"}
{"level":"info","ts":"2025-07-31T22:17:43.751+0500","msg":"kafka"}
{"level":"info","ts":"2025-07-31T22:17:43.751+0500","msg":"request success","method":"/api.CartService/AddItem","trace_id":"f141117a70806c78bbf382caf6b94f9e"}
{"level":"info","ts":"2025-07-31T22:19:46.926+0500","msg":"request success","method":"/api.CartService/ListItem","trace_id":"3ef5200f76706dea8b843f2d5ff93fd1"}
{"level":"info","ts":"2025-07-31T22:19:49.909+0500","msg":"request success","method":"/api.CartService/ClearCart","trace_id":"6c3ea97b3d4ea4b86d01ec917e8ae777"}
{"level":"info","ts":"2025-07-31T22:20:05.657+0500","msg":"shutting down server  gracefully..."}
{"level":"info","ts":"2025-07-31T22:20:10.715+0500","msg":"shutdown succes"}
{"level":"error","ts":"2025-07-31T22:20:10.721+0500","msg":"failed to sync logger: sync /dev/stdout: invalid argument"}
